#
# An unexpected error has occurred (6)
#
Stack:
/lib/x86_64-linux-gnu/libc.so.6(+0x45320) [0x78a0e4245320]
/lib/x86_64-linux-gnu/libc.so.6(pthread_kill+0x11c) [0x78a0e429eb1c]
/lib/x86_64-linux-gnu/libc.so.6(gsignal+0x1e) [0x78a0e424526e]
/lib/x86_64-linux-gnu/libc.so.6(abort+0xdf) [0x78a0e42288ff]
/home/tudor/Xilinx/Vivado/2024.1/lib/lnx64.o/Ubuntu/libstdc++.so.6(+0x8ba13) [0x78a0e4c8ba13]
/home/tudor/Xilinx/Vivado/2024.1/lib/lnx64.o/Ubuntu/libstdc++.so.6(+0x91b86) [0x78a0e4c91b86]
/home/tudor/Xilinx/Vivado/2024.1/lib/lnx64.o/Ubuntu/libstdc++.so.6(+0x91bc1) [0x78a0e4c91bc1]
/home/tudor/Xilinx/Vivado/2024.1/lib/lnx64.o/Ubuntu/libstdc++.so.6(+0x928ff) [0x78a0e4c928ff]
/home/tudor/Xilinx/Vivado/2024.1/lib/lnx64.o/librdi_wavedata.so(+0x359d8e) [0x78a0b1559d8e]
/home/tudor/Xilinx/Vivado/2024.1/lib/lnx64.o/librdi_wavedata.so(SG_Model::WaveformRender::render(SG_Model::WVDataObject const&)+0x84) [0x78a0b1564bf4]
/home/tudor/Xilinx/Vivado/2024.1/lib/lnx64.o/librdi_wavedata.so(WaveViewer::WVWaveformPanel::WaveformTraverser::drawWaveform(SG_Model::WVDataObject const*, int, int)+0x38e) [0x78a0b15dface]
/home/tudor/Xilinx/Vivado/2024.1/lib/lnx64.o/librdi_wavedata.so(WaveViewer::WVWaveformPanel::WaveformTraverser::handleItemSize(WaveViewer::WVTreeWVObjectModel::ITraverseHandler::TraverseItem const&)+0x52) [0x78a0b15dfda2]
/home/tudor/Xilinx/Vivado/2024.1/lib/lnx64.o/librdi_wavedata.so(WaveViewer::WVTreeWVObjectModel::traverseYRange(SG_Model::WVDataObject const*, WaveViewer::WVTreeWVObjectModel::ITraverseHandler&, int, int, int&, int&) const+0x234) [0x78a0b15c3204]
/home/tudor/Xilinx/Vivado/2024.1/lib/lnx64.o/librdi_wavedata.so(WaveViewer::WVTreeWVObjectModel::traverseYRange(SG_Model::WVDataObject const*, WaveViewer::WVTreeWVObjectModel::ITraverseHandler&, int, int, int&, int&) const+0x2be) [0x78a0b15c328e]
/home/tudor/Xilinx/Vivado/2024.1/lib/lnx64.o/librdi_wavedata.so(WaveViewer::WVTreeWVObjectModel::traverseYRange(WaveViewer::WVTreeWVObjectModel::ITraverseHandler&, int, int) const+0x57) [0x78a0b15c33c7]
/home/tudor/Xilinx/Vivado/2024.1/lib/lnx64.o/librdi_wavedata.so(WaveViewer::WVWaveformPanel::getGraphics(HDGDStringStream&, long&)+0x3a9) [0x78a0b15df0c9]
/home/tudor/Xilinx/Vivado/2024.1/lib/lnx64.o/librdi_wavedata.so(WVExecutiveImp::getGraphicsDataSize()+0x9a) [0x78a0b159b1fa]
/home/tudor/Xilinx/Vivado/2024.1/lib/lnx64.o/librdi_wavedata.so(WVExecutive::getGraphicsDataSize()+0xf) [0x78a0b159b67f]
/home/tudor/Xilinx/Vivado/2024.1/lib/lnx64.o/librdi_wavedata.so(Java_ui_views_waveform_waveformi_WVExecutive_1getGraphicsDataSize+0x17) [0x78a0b15e78b7]
[0x78a08fa549e7]
